Exporter version: 5.5.0, Blender version: 2.78 (sub 0)
========= Conversion from Blender to Babylon.js =========
	Scene settings used:
		selected layers only:  false
		flat shading entire scene:  false
		inline textures:  false
		texture directory:  /home/epi/prog/babylon/testFPS/src/main/resources/characters/
	Python World class constructor completed
	processing begun of mesh:  Cube
		processing begun of Standard material:  Material
			Diffuse texture found "Tex"
				Image texture found, type:  diffuseTexture, mapped using: "UVMap"
	WARNING: Error encountered processing image file:  , Error:  '/home/epi/prog/babylon/testFPS/src/main/resources/characters/metal.jpg' and '/home/epi/prog/babylon/testFPS/src/main/resources/characters/metal.jpg' are the same file
		num positions      :  27
		num normals        :  27
		num uvs            :  54
		num uvs2           :  0
		num colors         :  0
		num indices        :  36
	processing begun of camera (UniversalCamera):  Camera
	processing begun of light (POINT):  Lamp
========= Writing of scene file started =========
========= Writing of scene file completed =========
========= end of processing =========
elapsed time:  0 min, 0.0067 secs
