Exporter version: 5.5.0, Blender version: 2.78 (sub 0)
========= Conversion from Blender to Babylon.js =========
	Scene settings used:
		selected layers only:  false
		flat shading entire scene:  false
		inline textures:  false
		texture directory:  /home/epi/prog/babylon/testFPS/src/main/resources/weapons/
	Python World class constructor completed
	WARNING: No active camera has been assigned, or is not in a currently selected Blender layer
	processing begun of mesh:  Snake
		processing begun of baked material:  Snake
		num positions      :  16096
		num normals        :  16096
		num uvs            :  32192
		num uvs2           :  0
		num colors         :  0
		num indices        :  96000
	processing begun of mesh:  Cube
		processing begun of baked material:  Cube
		num positions      :  6566
		num normals        :  6566
		num uvs            :  13132
		num uvs2           :  0
		num colors         :  0
		num indices        :  38208
	processing begun of mesh:  Handle Joint
		processing begun of baked material:  Handle Joint
		num positions      :  6025
		num normals        :  6025
		num uvs            :  12050
		num uvs2           :  0
		num colors         :  0
		num indices        :  21600
	processing begun of mesh:  Head
		processing begun of baked material:  Head
		num positions      :  2138
		num normals        :  2138
		num uvs            :  4276
		num uvs2           :  0
		num colors         :  0
		num indices        :  3576
		WARNING: # of 0 area faces found:  104
	processing begun of mesh:  Handle
		processing begun of baked material:  Handle
		num positions      :  18055
		num normals        :  18055
		num uvs            :  36110
		num uvs2           :  0
		num colors         :  0
		num indices        :  104640
		WARNING: # of 0 area faces found:  1120
	processing begun of mesh:  Treading
		processing begun of baked material:  Treading
		num positions      :  29664
		num normals        :  29664
		num uvs            :  59328
		num uvs2           :  0
		num colors         :  0
		num indices        :  165888
========= Writing of scene file started =========
========= Writing of scene file completed =========
========= end of processing =========
elapsed time:  0 min, 25.3325 secs
